Log started at 01/31/2025 11:39:29 (2025-01-31T16:39:29Z)
No config file at C:\ProgramData\Unreal Engine\UnrealBuildTool\BuildConfiguration.xml
No config file at D:\Profiles\rdr8959\AppData\Local\Unreal Engine\UnrealBuildTool\BuildConfiguration.xml
No config file at Z:\IGMProfile\Documents\Unreal Engine\UnrealBuildTool\BuildConfiguration.xml
Configuration will be read from:
  Z:\IGMProfile\AppData\Unreal Engine\UnrealBuildTool\BuildConfiguration.xml
Log file: Z:\IGMProfile\Documents\GitHub\unreal-asteroids\Asteroids\Saved\Logs\UnrealVersionSelector-2025.01.31-11.39.29.log

Setting temp directory to 'D:\Profiles\rdr8959\AppData\Local\Temp\UnrealBuildTool\d1e62043'
    Registering build platform: UnrealBuildTool.AndroidPlatformFactory
        Registering build platform: Android - buildable: False
    Registering build platform: UnrealBuildTool.IOSPlatformFactory
        Registering build platform: IOS - buildable: False
    Registering build platform: UnrealBuildTool.LinuxPlatformFactory
        Registering build platform: Linux - buildable: False
        Registering build platform: LinuxArm64 - buildable: False
    Registering build platform: UnrealBuildTool.MacPlatformFactory
    Registering build platform: UnrealBuildTool.TVOSPlatformFactory
        Registering build platform: TVOS - buildable: False
    Registering build platform: UnrealBuildTool.WindowsPlatformFactory
Found Windows 10 SDK root at C:\Program Files (x86)\Windows Kits\10 (1)
Found Windows 10 SDK root at C:\Program Files (x86)\Windows Kits\10 (2)
Found Windows 10 SDK version 10.0.22621.0 at C:\Program Files (x86)\Windows Kits\10
Found Universal CRT version 10.0.22621.0 at C:\Program Files (x86)\Windows Kits\10
Win64 Installed SDK(s): MinVersion_Sdk=10.0.18362.0, MaxVersion_Sdk=10.9.99999.0, CurrentVersion_Sdk=10.0.22621.0, Version_AutoSdk=10.0.19041.0, CurrentVersion_AutoSdk=
        Registering build platform: Win64 - buildable: True
    Registering build platform: UnrealBuildTool.VisionOSPlatformFactory
Log file: D:\Profiles\rdr8959\AppData\Local\UnrealBuildTool\Log_GPF.txt
Resolved project argument Z:/IGMProfile/Documents/GitHub/unreal-asteroids/Asteroids/Asteroids.uproject to Z:\IGMProfile\Documents\GitHub\unreal-asteroids\Asteroids\Asteroids.uproject
Registering project generator UnrealBuildTool.AndroidProjectGenerator for Android
Registering project generator UnrealBuildTool.IOSProjectGenerator for IOS
Registering project generator UnrealBuildTool.LinuxProjectGenerator for Linux
Registering project generator UnrealBuildTool.LinuxProjectGenerator for LinuxArm64
Registering project generator UnrealBuildTool.MacProjectGenerator for Mac
Skipping project file generator registration for Mac due to no valid BuildPlatform.
Registering project generator UnrealBuildTool.TVOSProjectGenerator for TVOS
Registering project generator UnrealBuildTool.WindowsProjectGenerator for Win64
Registering project generator UnrealBuildTool.VisionOSProjectGenerator for VisionOS
Skipping project file generator registration for VisionOS due to no valid BuildPlatform.

---   SDK INFO START   ---

Some Platforms were skipped due to invalid SDK setup: IOS, Android, Linux, LinuxArm64, TVOS.
See the log file for detailed information

---   SDK INFO END   ---


Generating VisualStudio project files:
Discovering modules, targets and source code for project...
Total execution time: 7.17 seconds
Unhandled exception: System.UnauthorizedAccessException: Access to the path 'C:\Program Files\Epic Games\5.4\Engine\Intermediate\ProjectFiles' is denied.
   at System.IO.FileSystem.CreateDirectory(String fullPath, Byte[] securityDescriptor)
   at System.IO.Directory.CreateDirectory(String path)
   at EpicGames.Core.DirectoryReference.CreateDirectory(DirectoryReference location) in D:\build\++UE5\Sync\Engine\Saved\CsTools\Engine\Source\Programs\Shared\EpicGames.Core\DirectoryReference.cs:line 272
   at UnrealBuildTool.Utils.WriteFileIfChanged(FileItem FileItem, String Contents, StringComparison Comparison, ILogger Logger) in D:\build\++UE5\Sync\Engine\Saved\CsTools\Engine\Source\Programs\UnrealBuildTool\System\Utils.cs:line 1765
   at UnrealBuildTool.ProjectFileGenerator.GenerateProjectFiles(PlatformProjectGeneratorCollection PlatformProjectGenerators, String[] Arguments, Boolean bCacheDataForEditor, ILogger Logger) in D:\build\++UE5\Sync\Engine\Saved\CsTools\Engine\Source\Programs\UnrealBuildTool\ProjectFiles\ProjectFileGenerator.cs:line 954
   at UnrealBuildTool.GenerateProjectFilesMode.ExecuteAsync(CommandLineArguments Arguments, ILogger Logger) in D:\build\++UE5\Sync\Engine\Saved\CsTools\Engine\Source\Programs\UnrealBuildTool\Modes\GenerateProjectFilesMode.cs:line 65
   at UnrealBuildTool.UnrealBuildTool.Main(String[] ArgumentsArray) in D:\build\++UE5\Sync\Engine\Saved\CsTools\Engine\Source\Programs\UnrealBuildTool\UnrealBuildTool.cs:line 660
Unhandled exception: UnauthorizedAccessException: Access to the path 'C:\Program Files\Epic Games\5.4\Engine\Intermediate\ProjectFiles' is denied.
   at System.IO.FileSystem.CreateDirectory(String fullPath, Byte[] securityDescriptor)
   at System.IO.Directory.CreateDirectory(String path)
   at EpicGames.Core.DirectoryReference.CreateDirectory(DirectoryReference location) in D:\build\++UE5\Sync\Engine\Saved\CsTools\Engine\Source\Programs\Shared\EpicGames.Core\DirectoryReference.cs:line 272
   at UnrealBuildTool.Utils.WriteFileIfChanged(FileItem FileItem, String Contents, StringComparison Comparison, ILogger Logger) in D:\build\++UE5\Sync\Engine\Saved\CsTools\Engine\Source\Programs\UnrealBuildTool\System\Utils.cs:line 1765
   at UnrealBuildTool.ProjectFileGenerator.GenerateProjectFiles(PlatformProjectGeneratorCollection PlatformProjectGenerators, String[] Arguments, Boolean bCacheDataForEditor, ILogger Logger) in D:\build\++UE5\Sync\Engine\Saved\CsTools\Engine\Source\Programs\UnrealBuildTool\ProjectFiles\ProjectFileGenerator.cs:line 954
   at UnrealBuildTool.GenerateProjectFilesMode.ExecuteAsync(CommandLineArguments Arguments, ILogger Logger) in D:\build\++UE5\Sync\Engine\Saved\CsTools\Engine\Source\Programs\UnrealBuildTool\Modes\GenerateProjectFilesMode.cs:line 65
   at UnrealBuildTool.UnrealBuildTool.Main(String[] ArgumentsArray) in D:\build\++UE5\Sync\Engine\Saved\CsTools\Engine\Source\Programs\UnrealBuildTool\UnrealBuildTool.cs:line 660
WriteFileIfChanged() wrote 0 changed files of 0 requested writes.
Timeline:

[ 0.000]
[ 0.000](+7.292) <unknown>
[ 7.292]
